<?xml version="1.0" encoding="UTF-8"?>
<testsuite xmlns:xsi="http://www.w3.org/2001/XMLSchema-instance" xsi:noNamespaceSchemaLocation="https://maven.apache.org/surefire/maven-surefire-plugin/xsd/surefire-test-report.xsd" name="com.virtusa.test.QuestionServiceTest" time="1.334" tests="2" errors="0" skipped="0" failures="0">
  <properties>
[...]
</properties>
  <testcase name="testAddQ" classname="com.virtusa.test.QuestionServiceTest" time="0"/>
  <testcase name="testUpdateQues" classname="com.virtusa.test.QuestionServiceTest" time="1.333"/>
</testsuite>